<?xml version="1.0" encoding="UTF-8"?>
<testsuite name="basiclibrary.LibraryTest" tests="1" skipped="0" failures="0" errors="0" timestamp="2021-09-27T20:06:20" hostname="LTUCSTUDENT-L01" time="0.027">
  <properties/>
  <testcase name="containsDuplicatesTest()" classname="basiclibrary.LibraryTest" time="0.027"/>
  <system-out><![CDATA[]]></system-out>
  <system-err><![CDATA[]]></system-err>
</testsuite>
